Flow report for DE2_D5M
Mon Jun 24 15:14:04 2019
Quartus II 32-bit Version 13.0.1 Build 232 06/12/2013 Service Pack 1 SJ Web Edition


---------------------
; Table of Contents ;
---------------------
  1. Legal Notice
  2. Flow Summary
  3. Flow Settings
  4. Flow Non-Default Global Settings
  5. Flow Elapsed Time
  6. Flow OS Summary
  7. Flow Log
  8. Flow Messages
  9. Flow Suppressed Messages



----------------
; Legal Notice ;
----------------
Copyright (C) 1991-2013 Altera Corporation
Your use of Altera Corporation's design tools, logic functions 
and other software and tools, and its AMPP partner logic 
functions, and any output files from any of the foregoing 
(including device programming or simulation files), and any 
associated documentation or information are expressly subject 
to the terms and conditions of the Altera Program License 
Subscription Agreement, Altera MegaCore Function License 
Agreement, or other applicable license agreement, including, 
without limitation, that your use is for the sole purpose of 
programming logic devices manufactured by Altera and sold by 
Altera or its authorized distributors.  Please refer to the 
applicable agreement for further details.



+--------------------------------------------------------------------------------------+
; Flow Summary                                                                         ;
+------------------------------------+-------------------------------------------------+
; Flow Status                        ; Successful - Mon Jun 24 15:13:42 2019           ;
; Quartus II 32-bit Version          ; 13.0.1 Build 232 06/12/2013 SP 1 SJ Web Edition ;
; Revision Name                      ; DE2_D5M                                         ;
; Top-level Entity Name              ; DE2_D5M                                         ;
; Family                             ; Cyclone II                                      ;
; Device                             ; EP2C35F672C6                                    ;
; Timing Models                      ; Final                                           ;
; Total logic elements               ; 1,619 / 33,216 ( 5 % )                          ;
;     Total combinational functions  ; 1,351 / 33,216 ( 4 % )                          ;
;     Dedicated logic registers      ; 1,090 / 33,216 ( 3 % )                          ;
; Total registers                    ; 1090                                            ;
; Total pins                         ; 132 / 475 ( 28 % )                              ;
; Total virtual pins                 ; 0                                               ;
; Total memory bits                  ; 62,416 / 483,840 ( 13 % )                       ;
; Embedded Multiplier 9-bit elements ; 0 / 70 ( 0 % )                                  ;
; Total PLLs                         ; 1 / 4 ( 25 % )                                  ;
+------------------------------------+-------------------------------------------------+


+-----------------------------------------+
; Flow Settings                           ;
+-------------------+---------------------+
; Option            ; Setting             ;
+-------------------+---------------------+
; Start date & time ; 06/24/2019 15:07:56 ;
; Main task         ; Compilation         ;
; Revision Name     ; DE2_D5M             ;
+-------------------+---------------------+


+---------------------------------------------------------------------------------------------------------------------------------+
; Flow Non-Default Global Settings                                                                                                ;
+-------------------------------------+------------------------------------------------+---------------+-------------+------------+
; Assignment Name                     ; Value                                          ; Default Value ; Entity Name ; Section Id ;
+-------------------------------------+------------------------------------------------+---------------+-------------+------------+
; COMPILER_SIGNATURE_ID               ; 132571082506199.156140687311708                ; --            ; --          ; --         ;
; ENABLE_SIGNALTAP                    ; Off                                            ; --            ; --          ; --         ;
; MAX_CORE_JUNCTION_TEMP              ; 85                                             ; --            ; --          ; --         ;
; MIN_CORE_JUNCTION_TEMP              ; 0                                              ; --            ; --          ; --         ;
; MISC_FILE                           ; E:/D5M/cd/Demonstration/DE2_CAMERA/DE2_D5M.dpf ; --            ; --          ; --         ;
; PARTITION_COLOR                     ; 2147039                                        ; --            ; --          ; Top        ;
; PARTITION_FITTER_PRESERVATION_LEVEL ; PLACEMENT_AND_ROUTING                          ; --            ; --          ; Top        ;
; PARTITION_NETLIST_TYPE              ; SOURCE                                         ; --            ; --          ; Top        ;
; POWER_BOARD_THERMAL_MODEL           ; None (CONSERVATIVE)                            ; --            ; --          ; --         ;
; POWER_PRESET_COOLING_SOLUTION       ; 23 MM HEAT SINK WITH 200 LFPM AIRFLOW          ; --            ; --          ; --         ;
; SMART_RECOMPILE                     ; On                                             ; Off           ; --          ; --         ;
; USE_GENERATED_PHYSICAL_CONSTRAINTS  ; Off                                            ; --            ; --          ; eda_palace ;
; USE_SIGNALTAP_FILE                  ; V/stp1.stp                                     ; --            ; --          ; --         ;
+-------------------------------------+------------------------------------------------+---------------+-------------+------------+


+-------------------------------------------------------------------------------------------------------------------------------+
; Flow Elapsed Time                                                                                                             ;
+---------------------------+--------------+-------------------------+---------------------+------------------------------------+
; Module Name               ; Elapsed Time ; Average Processors Used ; Peak Virtual Memory ; Total CPU Time (on all processors) ;
+---------------------------+--------------+-------------------------+---------------------+------------------------------------+
; Analysis & Synthesis      ; 00:01:41     ; 1.0                     ; 431 MB              ; 00:00:57                           ;
; Fitter                    ; 00:02:29     ; 1.0                     ; 506 MB              ; 00:02:00                           ;
; Assembler                 ; 00:00:17     ; 1.0                     ; 381 MB              ; 00:00:14                           ;
; TimeQuest Timing Analyzer ; 00:00:18     ; 1.0                     ; 349 MB              ; 00:00:12                           ;
; Total                     ; 00:04:45     ; --                      ; --                  ; 00:03:23                           ;
+---------------------------+--------------+-------------------------+---------------------+------------------------------------+


+----------------------------------------------------------------------------------------+
; Flow OS Summary                                                                        ;
+---------------------------+------------------+-----------+------------+----------------+
; Module Name               ; Machine Hostname ; OS Name   ; OS Version ; Processor type ;
+---------------------------+------------------+-----------+------------+----------------+
; Analysis & Synthesis      ; android          ; Windows 7 ; 6.2        ; i686           ;
; Fitter                    ; android          ; Windows 7 ; 6.2        ; i686           ;
; Assembler                 ; android          ; Windows 7 ; 6.2        ; i686           ;
; TimeQuest Timing Analyzer ; android          ; Windows 7 ; 6.2        ; i686           ;
+---------------------------+------------------+-----------+------------+----------------+


------------
; Flow Log ;
------------
quartus_map --read_settings_files=on --write_settings_files=off DE2_D5M -c DE2_D5M
quartus_fit --read_settings_files=on --write_settings_files=off DE2_D5M -c DE2_D5M
quartus_asm --read_settings_files=off --write_settings_files=off DE2_D5M -c DE2_D5M
quartus_sta DE2_D5M -c DE2_D5M



